running egg_info
creating ../build/circle_detector_ros2/circle_detector_ros2.egg-info
writing ../build/circle_detector_ros2/circle_detector_ros2.egg-info/PKG-INFO
writing dependency_links to ../build/circle_detector_ros2/circle_detector_ros2.egg-info/dependency_links.txt
writing entry points to ../build/circle_detector_ros2/circle_detector_ros2.egg-info/entry_points.txt
writing requirements to ../build/circle_detector_ros2/circle_detector_ros2.egg-info/requires.txt
writing top-level names to ../build/circle_detector_ros2/circle_detector_ros2.egg-info/top_level.txt
writing manifest file '../build/circle_detector_ros2/circle_detector_ros2.egg-info/SOURCES.txt'
reading manifest file '../build/circle_detector_ros2/circle_detector_ros2.egg-info/SOURCES.txt'
writing manifest file '../build/circle_detector_ros2/circle_detector_ros2.egg-info/SOURCES.txt'
running build
running build_py
creating /home/zzy/robodock/build/circle_detector_ros2/build
creating /home/zzy/robodock/build/circle_detector_ros2/build/lib
creating /home/zzy/robodock/build/circle_detector_ros2/build/lib/circle_detector_ros2
copying circle_detector_ros2/__init__.py -> /home/zzy/robodock/build/circle_detector_ros2/build/lib/circle_detector_ros2
copying circle_detector_ros2/circle_detector_node.py -> /home/zzy/robodock/build/circle_detector_ros2/build/lib/circle_detector_ros2
running install
running install_lib
creating /home/zzy/robodock/install/circle_detector_ros2/lib/python3.8/site-packages/circle_detector_ros2
copying /home/zzy/robodock/build/circle_detector_ros2/build/lib/circle_detector_ros2/__init__.py -> /home/zzy/robodock/install/circle_detector_ros2/lib/python3.8/site-packages/circle_detector_ros2
copying /home/zzy/robodock/build/circle_detector_ros2/build/lib/circle_detector_ros2/circle_detector_node.py -> /home/zzy/robodock/install/circle_detector_ros2/lib/python3.8/site-packages/circle_detector_ros2
byte-compiling /home/zzy/robodock/install/circle_detector_ros2/lib/python3.8/site-packages/circle_detector_ros2/__init__.py to __init__.cpython-38.pyc
byte-compiling /home/zzy/robodock/install/circle_detector_ros2/lib/python3.8/site-packages/circle_detector_ros2/circle_detector_node.py to circle_detector_node.cpython-38.pyc
running install_data
creating /home/zzy/robodock/install/circle_detector_ros2/share/ament_index
creating /home/zzy/robodock/install/circle_detector_ros2/share/ament_index/resource_index
creating /home/zzy/robodock/install/circle_detector_ros2/share/ament_index/resource_index/packages
copying resource/circle_detector_ros2 -> /home/zzy/robodock/install/circle_detector_ros2/share/ament_index/resource_index/packages
copying package.xml -> /home/zzy/robodock/install/circle_detector_ros2/share/circle_detector_ros2
creating /home/zzy/robodock/install/circle_detector_ros2/share/circle_detector_ros2/launch
copying launch/detect.launch.py -> /home/zzy/robodock/install/circle_detector_ros2/share/circle_detector_ros2/launch
running install_egg_info
Copying ../build/circle_detector_ros2/circle_detector_ros2.egg-info to /home/zzy/robodock/install/circle_detector_ros2/lib/python3.8/site-packages/circle_detector_ros2-0.1.0-py3.8.egg-info
running install_scripts
Installing circle_detector_node script to /home/zzy/robodock/install/circle_detector_ros2/lib/circle_detector_ros2
writing list of installed files to '/home/zzy/robodock/build/circle_detector_ros2/install.log'
