[0.440s] Invoking command in '/home/zzy/robodock/circle_detector_ros2': CONDA_PROMPT_MODIFIER=(base) PYTHONPATH=/home/zzy/robodock/build/circle_detector_ros2/prefix_override:/usr/lib/python3/dist-packages/colcon_core/task/python/colcon_distutils_commands:/home/zzy/robodock/install/circle_detector_ros2/lib/python3.8/site-packages:${PYTHONPATH} /usr/bin/python3 -W ignore:setup.py install is deprecated -W ignore:easy_install command is deprecated setup.py egg_info --egg-base ../build/circle_detector_ros2 build --build-base /home/zzy/robodock/build/circle_detector_ros2/build install --record /home/zzy/robodock/build/circle_detector_ros2/install.log --single-version-externally-managed install_data
[0.570s] running egg_info
[0.571s] creating ../build/circle_detector_ros2/circle_detector_ros2.egg-info
[0.571s] writing ../build/circle_detector_ros2/circle_detector_ros2.egg-info/PKG-INFO
[0.571s] writing dependency_links to ../build/circle_detector_ros2/circle_detector_ros2.egg-info/dependency_links.txt
[0.571s] writing entry points to ../build/circle_detector_ros2/circle_detector_ros2.egg-info/entry_points.txt
[0.571s] writing requirements to ../build/circle_detector_ros2/circle_detector_ros2.egg-info/requires.txt
[0.571s] writing top-level names to ../build/circle_detector_ros2/circle_detector_ros2.egg-info/top_level.txt
[0.576s] writing manifest file '../build/circle_detector_ros2/circle_detector_ros2.egg-info/SOURCES.txt'
[0.596s] reading manifest file '../build/circle_detector_ros2/circle_detector_ros2.egg-info/SOURCES.txt'
[0.597s] writing manifest file '../build/circle_detector_ros2/circle_detector_ros2.egg-info/SOURCES.txt'
[0.597s] running build
[0.597s] running build_py
[0.597s] creating /home/zzy/robodock/build/circle_detector_ros2/build
[0.597s] creating /home/zzy/robodock/build/circle_detector_ros2/build/lib
[0.597s] creating /home/zzy/robodock/build/circle_detector_ros2/build/lib/circle_detector_ros2
[0.597s] copying circle_detector_ros2/__init__.py -> /home/zzy/robodock/build/circle_detector_ros2/build/lib/circle_detector_ros2
[0.597s] copying circle_detector_ros2/circle_detector_node.py -> /home/zzy/robodock/build/circle_detector_ros2/build/lib/circle_detector_ros2
[0.597s] running install
[0.598s] running install_lib
[0.598s] creating /home/zzy/robodock/install/circle_detector_ros2/lib/python3.8/site-packages/circle_detector_ros2
[0.598s] copying /home/zzy/robodock/build/circle_detector_ros2/build/lib/circle_detector_ros2/__init__.py -> /home/zzy/robodock/install/circle_detector_ros2/lib/python3.8/site-packages/circle_detector_ros2
[0.598s] copying /home/zzy/robodock/build/circle_detector_ros2/build/lib/circle_detector_ros2/circle_detector_node.py -> /home/zzy/robodock/install/circle_detector_ros2/lib/python3.8/site-packages/circle_detector_ros2
[0.598s] byte-compiling /home/zzy/robodock/install/circle_detector_ros2/lib/python3.8/site-packages/circle_detector_ros2/__init__.py to __init__.cpython-38.pyc
[0.599s] byte-compiling /home/zzy/robodock/install/circle_detector_ros2/lib/python3.8/site-packages/circle_detector_ros2/circle_detector_node.py to circle_detector_node.cpython-38.pyc
[0.600s] running install_data
[0.600s] creating /home/zzy/robodock/install/circle_detector_ros2/share/ament_index
[0.600s] creating /home/zzy/robodock/install/circle_detector_ros2/share/ament_index/resource_index
[0.600s] creating /home/zzy/robodock/install/circle_detector_ros2/share/ament_index/resource_index/packages
[0.600s] copying resource/circle_detector_ros2 -> /home/zzy/robodock/install/circle_detector_ros2/share/ament_index/resource_index/packages
[0.600s] copying package.xml -> /home/zzy/robodock/install/circle_detector_ros2/share/circle_detector_ros2
[0.600s] creating /home/zzy/robodock/install/circle_detector_ros2/share/circle_detector_ros2/launch
[0.600s] copying launch/detect.launch.py -> /home/zzy/robodock/install/circle_detector_ros2/share/circle_detector_ros2/launch
[0.600s] running install_egg_info
[0.601s] Copying ../build/circle_detector_ros2/circle_detector_ros2.egg-info to /home/zzy/robodock/install/circle_detector_ros2/lib/python3.8/site-packages/circle_detector_ros2-0.1.0-py3.8.egg-info
[0.601s] running install_scripts
[0.612s] Installing circle_detector_node script to /home/zzy/robodock/install/circle_detector_ros2/lib/circle_detector_ros2
[0.612s] writing list of installed files to '/home/zzy/robodock/build/circle_detector_ros2/install.log'
[0.624s] Invoked command in '/home/zzy/robodock/circle_detector_ros2' returned '0': CONDA_PROMPT_MODIFIER=(base) PYTHONPATH=/home/zzy/robodock/build/circle_detector_ros2/prefix_override:/usr/lib/python3/dist-packages/colcon_core/task/python/colcon_distutils_commands:/home/zzy/robodock/install/circle_detector_ros2/lib/python3.8/site-packages:${PYTHONPATH} /usr/bin/python3 -W ignore:setup.py install is deprecated -W ignore:easy_install command is deprecated setup.py egg_info --egg-base ../build/circle_detector_ros2 build --build-base /home/zzy/robodock/build/circle_detector_ros2/build install --record /home/zzy/robodock/build/circle_detector_ros2/install.log --single-version-externally-managed install_data
